{"/Users/oleksii/dev/js/jasmine_test/app.js":{"path":"/Users/oleksii/dev/js/jasmine_test/app.js","s":{"1":1,"2":3,"3":1,"4":2},"b":{"1":[1,2]},"f":{"1":3},"fnMap":{"1":{"name":"add","line":3,"loc":{"start":{"line":3,"column":21},"end":{"line":3,"column":39}}}},"statementMap":{"1":{"start":{"line":3,"column":0},"end":{"line":12,"column":0}},"2":{"start":{"line":4,"column":1},"end":{"line":8,"column":2}},"3":{"start":{"line":5,"column":2},"end":{"line":5,"column":14}},"4":{"start":{"line":7,"column":2},"end":{"line":7,"column":15}}},"branchMap":{"1":{"line":4,"type":"if","locations":[{"start":{"line":4,"column":1},"end":{"line":4,"column":1}},{"start":{"line":4,"column":1},"end":{"line":4,"column":1}}]}}}}